OpenROAD 4174c3ad802d2ac1d04d387d2c4b883903f6647e 
This program is licensed under the BSD-3 license. See the LICENSE file for details.
Components of this program may be licensed under more restrictive licenses which must be honored.
[WARNING STA-0163] /openlane/designs/iiitb_siso/runs/RUN_2022.09.20_09.07.06/tmp/synthesis/resizer_sky130_fd_sc_hd__typical.lib line 23, default_fanout_load is 0.0.
[INFO ODB-0222] Reading LEF file: /openlane/designs/iiitb_siso/runs/RUN_2022.09.20_09.07.06/tmp/merged.nom.lef
[WARNING ODB-0220] WARNING (LEFPARS-2036): SOURCE statement is obsolete in version 5.6 and later.
The LEF parser will ignore this statement.
To avoid this warning in the future, remove this statement from the LEF file with version 5.6 or later. See file /openlane/designs/iiitb_siso/runs/RUN_2022.09.20_09.07.06/tmp/merged.nom.lef at line 930.

[INFO ODB-0223]     Created 13 technology layers
[INFO ODB-0224]     Created 25 technology vias
[INFO ODB-0225]     Created 442 library cells
[INFO ODB-0226] Finished LEF file:  /openlane/designs/iiitb_siso/runs/RUN_2022.09.20_09.07.06/tmp/merged.nom.lef
[INFO ODB-0127] Reading DEF file: /openlane/designs/iiitb_siso/runs/RUN_2022.09.20_09.07.06/results/cts/iiitb_siso.def
[INFO ODB-0128] Design: iiitb_siso
[INFO ODB-0130]     Created 5 pins.
[INFO ODB-0131]     Created 64 components and 228 component-terminals.
[INFO ODB-0132]     Created 2 special nets and 206 connections.
[INFO ODB-0133]     Created 11 nets and 22 connections.
[INFO ODB-0134] Finished DEF file: /openlane/designs/iiitb_siso/runs/RUN_2022.09.20_09.07.06/results/cts/iiitb_siso.def
[INFO]: Setting signal min routing layer to: met1 and clock min routing layer to met1. 
[INFO]: Setting signal max routing layer to: met5 and clock max routing layer to met5. 
-congestion_iterations 50 -verbose
[INFO GRT-0020] Min routing layer: met1
[INFO GRT-0021] Max routing layer: met5
[INFO GRT-0022] Global adjustment: 30%
[INFO GRT-0023] Grid origin: (0, 0)
[INFO GRT-0043] No OR_DEFAULT vias defined.
[INFO GRT-0088] Layer li1     Track-Pitch = 0.4600  line-2-Via Pitch: 0.3400
[INFO GRT-0088] Layer met1    Track-Pitch = 0.3400  line-2-Via Pitch: 0.3400
[INFO GRT-0088] Layer met2    Track-Pitch = 0.4600  line-2-Via Pitch: 0.3500
[INFO GRT-0088] Layer met3    Track-Pitch = 0.6800  line-2-Via Pitch: 0.6150
[INFO GRT-0088] Layer met4    Track-Pitch = 0.9200  line-2-Via Pitch: 1.0400
[INFO GRT-0088] Layer met5    Track-Pitch = 3.4000  line-2-Via Pitch: 3.1100
[INFO GRT-0019] Found 4 clock nets.
[INFO GRT-0001] Minimum degree: 2
[INFO GRT-0002] Maximum degree: 3
[INFO GRT-0003] Macros: 0
[INFO GRT-0004] Blockages: 56

[INFO GRT-0053] Routing resources analysis:
          Routing      Original      Derated      Resource
Layer     Direction    Resources     Resources    Reduction (%)
---------------------------------------------------------------
li1        Vertical            0             0          0.00%
met1       Horizontal       1260           702          44.29%
met2       Vertical          945           656          30.58%
met3       Horizontal        630           396          37.14%
met4       Vertical          378           244          35.45%
met5       Horizontal        126            54          57.14%
---------------------------------------------------------------

[INFO GRT-0197] Via related to pin nodes: 35
[INFO GRT-0198] Via related Steiner nodes: 0
[INFO GRT-0199] Via filling finished.
[INFO GRT-0111] Final number of vias: 42
[INFO GRT-0112] Final usage 3D: 155

[INFO GRT-0096] Final congestion report:
Layer         Resource        Demand        Usage (%)    Max H / Max V / Total Overflow
---------------------------------------------------------------------------------------
li1                  0             0            0.00%             0 /  0 /  0
met1               702            14            1.99%             0 /  0 /  0
met2               656            15            2.29%             0 /  0 /  0
met3               396             0            0.00%             0 /  0 /  0
met4               244             0            0.00%             0 /  0 /  0
met5                54             0            0.00%             0 /  0 /  0
---------------------------------------------------------------------------------------
Total             2052            29            1.41%             0 /  0 /  0

[INFO GRT-0018] Total wirelength: 372 um
[INFO GRT-0014] Routed nets: 11
[INFO]: Setting RC values...
[INFO RSZ-0033] No hold violations found.
[WARNING DPL-0037] Use remove_fillers before detailed placement.
Placement Analysis
---------------------------------
total displacement          0.0 u
average displacement        0.0 u
max displacement            0.0 u
original HPWL             233.4 u
legalized HPWL            255.5 u
delta HPWL                    9 %

[INFO DPL-0020] Mirrored 4 instances
[INFO DPL-0021] HPWL before             255.5 u
[INFO DPL-0022] HPWL after              233.4 u
[INFO DPL-0023] HPWL delta               -8.6 %
min_report

===========================================================================
report_checks -path_delay min (Hold)
============================================================================
Startpoint: _1_ (rising edge-triggered flip-flop clocked by clk)
Endpoint: _2_ (rising edge-triggered flip-flop clocked by clk)
Path Group: clk
Path Type: min

Fanout     Cap    Slew   Delay    Time   Description
-----------------------------------------------------------------------------
                          0.00    0.00   clock clk (rise edge)
                          0.00    0.00   clock source latency
                  0.06    0.04    0.04 ^ clk (in)
     1    0.01                           clk (net)
                  0.06    0.00    0.04 ^ clkbuf_0_clk/A (sky130_fd_sc_hd__clkbuf_16)
                  0.04    0.12    0.17 ^ clkbuf_0_clk/X (sky130_fd_sc_hd__clkbuf_16)
     2    0.02                           clknet_0_clk (net)
                  0.04    0.00    0.17 ^ clkbuf_1_1__f_clk/A (sky130_fd_sc_hd__clkbuf_16)
                  0.03    0.10    0.27 ^ clkbuf_1_1__f_clk/X (sky130_fd_sc_hd__clkbuf_16)
     2    0.01                           clknet_1_1__leaf_clk (net)
                  0.03    0.00    0.27 ^ _1_/CLK (sky130_fd_sc_hd__dfxtp_2)
                  0.03    0.29    0.56 ^ _1_/Q (sky130_fd_sc_hd__dfxtp_2)
     1    0.00                           b.q (net)
                  0.03    0.00    0.56 ^ _2_/D (sky130_fd_sc_hd__dfxtp_2)
                                  0.56   data arrival time

                          0.00    0.00   clock clk (rise edge)
                          0.00    0.00   clock source latency
                  0.06    0.05    0.05 ^ clk (in)
     1    0.01                           clk (net)
                  0.06    0.00    0.05 ^ clkbuf_0_clk/A (sky130_fd_sc_hd__clkbuf_16)
                  0.04    0.14    0.18 ^ clkbuf_0_clk/X (sky130_fd_sc_hd__clkbuf_16)
     2    0.02                           clknet_0_clk (net)
                  0.04    0.00    0.18 ^ clkbuf_1_0__f_clk/A (sky130_fd_sc_hd__clkbuf_16)
                  0.03    0.12    0.30 ^ clkbuf_1_0__f_clk/X (sky130_fd_sc_hd__clkbuf_16)
     2    0.01                           clknet_1_0__leaf_clk (net)
                  0.03    0.00    0.30 ^ _2_/CLK (sky130_fd_sc_hd__dfxtp_2)
                          0.25    0.55   clock uncertainty
                         -0.02    0.53   clock reconvergence pessimism
                         -0.03    0.50   library hold time
                                  0.50   data required time
-----------------------------------------------------------------------------
                                  0.50   data required time
                                 -0.56   data arrival time
-----------------------------------------------------------------------------
                                  0.06   slack (MET)


Startpoint: _2_ (rising edge-triggered flip-flop clocked by clk)
Endpoint: _3_ (rising edge-triggered flip-flop clocked by clk)
Path Group: clk
Path Type: min

Fanout     Cap    Slew   Delay    Time   Description
-----------------------------------------------------------------------------
                          0.00    0.00   clock clk (rise edge)
                          0.00    0.00   clock source latency
                  0.06    0.04    0.04 ^ clk (in)
     1    0.01                           clk (net)
                  0.06    0.00    0.04 ^ clkbuf_0_clk/A (sky130_fd_sc_hd__clkbuf_16)
                  0.04    0.12    0.17 ^ clkbuf_0_clk/X (sky130_fd_sc_hd__clkbuf_16)
     2    0.02                           clknet_0_clk (net)
                  0.04    0.00    0.17 ^ clkbuf_1_0__f_clk/A (sky130_fd_sc_hd__clkbuf_16)
                  0.03    0.11    0.27 ^ clkbuf_1_0__f_clk/X (sky130_fd_sc_hd__clkbuf_16)
     2    0.01                           clknet_1_0__leaf_clk (net)
                  0.03    0.00    0.27 ^ _2_/CLK (sky130_fd_sc_hd__dfxtp_2)
                  0.03    0.29    0.56 ^ _2_/Q (sky130_fd_sc_hd__dfxtp_2)
     1    0.00                           c.q (net)
                  0.03    0.00    0.56 ^ _3_/D (sky130_fd_sc_hd__dfxtp_2)
                                  0.56   data arrival time

                          0.00    0.00   clock clk (rise edge)
                          0.00    0.00   clock source latency
                  0.06    0.05    0.05 ^ clk (in)
     1    0.01                           clk (net)
                  0.06    0.00    0.05 ^ clkbuf_0_clk/A (sky130_fd_sc_hd__clkbuf_16)
                  0.04    0.14    0.18 ^ clkbuf_0_clk/X (sky130_fd_sc_hd__clkbuf_16)
     2    0.02                           clknet_0_clk (net)
                  0.04    0.00    0.18 ^ clkbuf_1_0__f_clk/A (sky130_fd_sc_hd__clkbuf_16)
                  0.03    0.12    0.30 ^ clkbuf_1_0__f_clk/X (sky130_fd_sc_hd__clkbuf_16)
     2    0.01                           clknet_1_0__leaf_clk (net)
                  0.03    0.00    0.30 ^ _3_/CLK (sky130_fd_sc_hd__dfxtp_2)
                          0.25    0.55   clock uncertainty
                         -0.03    0.52   clock reconvergence pessimism
                         -0.03    0.49   library hold time
                                  0.49   data required time
-----------------------------------------------------------------------------
                                  0.49   data required time
                                 -0.56   data arrival time
-----------------------------------------------------------------------------
                                  0.07   slack (MET)


Startpoint: _0_ (rising edge-triggered flip-flop clocked by clk)
Endpoint: _1_ (rising edge-triggered flip-flop clocked by clk)
Path Group: clk
Path Type: min

Fanout     Cap    Slew   Delay    Time   Description
-----------------------------------------------------------------------------
                          0.00    0.00   clock clk (rise edge)
                          0.00    0.00   clock source latency
                  0.06    0.04    0.04 ^ clk (in)
     1    0.01                           clk (net)
                  0.06    0.00    0.04 ^ clkbuf_0_clk/A (sky130_fd_sc_hd__clkbuf_16)
                  0.04    0.12    0.17 ^ clkbuf_0_clk/X (sky130_fd_sc_hd__clkbuf_16)
     2    0.02                           clknet_0_clk (net)
                  0.04    0.00    0.17 ^ clkbuf_1_1__f_clk/A (sky130_fd_sc_hd__clkbuf_16)
                  0.03    0.10    0.27 ^ clkbuf_1_1__f_clk/X (sky130_fd_sc_hd__clkbuf_16)
     2    0.01                           clknet_1_1__leaf_clk (net)
                  0.03    0.00    0.27 ^ _0_/CLK (sky130_fd_sc_hd__dfxtp_2)
                  0.03    0.29    0.56 ^ _0_/Q (sky130_fd_sc_hd__dfxtp_2)
     1    0.00                           a.q (net)
                  0.03    0.00    0.56 ^ _1_/D (sky130_fd_sc_hd__dfxtp_2)
                                  0.56   data arrival time

                          0.00    0.00   clock clk (rise edge)
                          0.00    0.00   clock source latency
                  0.06    0.05    0.05 ^ clk (in)
     1    0.01                           clk (net)
                  0.06    0.00    0.05 ^ clkbuf_0_clk/A (sky130_fd_sc_hd__clkbuf_16)
                  0.04    0.14    0.18 ^ clkbuf_0_clk/X (sky130_fd_sc_hd__clkbuf_16)
     2    0.02                           clknet_0_clk (net)
                  0.04    0.00    0.18 ^ clkbuf_1_1__f_clk/A (sky130_fd_sc_hd__clkbuf_16)
                  0.03    0.12    0.30 ^ clkbuf_1_1__f_clk/X (sky130_fd_sc_hd__clkbuf_16)
     2    0.01                           clknet_1_1__leaf_clk (net)
                  0.03    0.00    0.30 ^ _1_/CLK (sky130_fd_sc_hd__dfxtp_2)
                          0.25    0.55   clock uncertainty
                         -0.03    0.52   clock reconvergence pessimism
                         -0.03    0.49   library hold time
                                  0.49   data required time
-----------------------------------------------------------------------------
                                  0.49   data required time
                                 -0.56   data arrival time
-----------------------------------------------------------------------------
                                  0.07   slack (MET)


Startpoint: d (input port clocked by clk)
Endpoint: _0_ (rising edge-triggered flip-flop clocked by clk)
Path Group: clk
Path Type: min

Fanout     Cap    Slew   Delay    Time   Description
-----------------------------------------------------------------------------
                          0.00    0.00   clock clk (rise edge)
                          0.00    0.00   clock network delay (propagated)
                         13.00   13.00 v input external delay
                  0.01    0.01   13.01 v d (in)
     1    0.00                           d (net)
                  0.01    0.00   13.01 v input1/A (sky130_fd_sc_hd__buf_1)
                  0.04    0.08   13.09 v input1/X (sky130_fd_sc_hd__buf_1)
     1    0.00                           net1 (net)
                  0.04    0.00   13.09 v _0_/D (sky130_fd_sc_hd__dfxtp_2)
                                 13.09   data arrival time

                          0.00    0.00   clock clk (rise edge)
                          0.00    0.00   clock source latency
                  0.06    0.05    0.05 ^ clk (in)
     1    0.01                           clk (net)
                  0.06    0.00    0.05 ^ clkbuf_0_clk/A (sky130_fd_sc_hd__clkbuf_16)
                  0.04    0.14    0.18 ^ clkbuf_0_clk/X (sky130_fd_sc_hd__clkbuf_16)
     2    0.02                           clknet_0_clk (net)
                  0.04    0.00    0.18 ^ clkbuf_1_1__f_clk/A (sky130_fd_sc_hd__clkbuf_16)
                  0.03    0.12    0.30 ^ clkbuf_1_1__f_clk/X (sky130_fd_sc_hd__clkbuf_16)
     2    0.01                           clknet_1_1__leaf_clk (net)
                  0.03    0.00    0.30 ^ _0_/CLK (sky130_fd_sc_hd__dfxtp_2)
                          0.25    0.55   clock uncertainty
                          0.00    0.55   clock reconvergence pessimism
                         -0.05    0.50   library hold time
                                  0.50   data required time
-----------------------------------------------------------------------------
                                  0.50   data required time
                                -13.09   data arrival time
-----------------------------------------------------------------------------
                                 12.58   slack (MET)


Startpoint: _3_ (rising edge-triggered flip-flop clocked by clk)
Endpoint: q (output port clocked by clk)
Path Group: clk
Path Type: min

Fanout     Cap    Slew   Delay    Time   Description
-----------------------------------------------------------------------------
                          0.00    0.00   clock clk (rise edge)
                          0.00    0.00   clock source latency
                  0.06    0.04    0.04 ^ clk (in)
     1    0.01                           clk (net)
                  0.06    0.00    0.04 ^ clkbuf_0_clk/A (sky130_fd_sc_hd__clkbuf_16)
                  0.04    0.12    0.17 ^ clkbuf_0_clk/X (sky130_fd_sc_hd__clkbuf_16)
     2    0.02                           clknet_0_clk (net)
                  0.04    0.00    0.17 ^ clkbuf_1_0__f_clk/A (sky130_fd_sc_hd__clkbuf_16)
                  0.03    0.11    0.27 ^ clkbuf_1_0__f_clk/X (sky130_fd_sc_hd__clkbuf_16)
     2    0.01                           clknet_1_0__leaf_clk (net)
                  0.03    0.00    0.27 ^ _3_/CLK (sky130_fd_sc_hd__dfxtp_2)
                  0.04    0.29    0.56 ^ _3_/Q (sky130_fd_sc_hd__dfxtp_2)
     1    0.01                           net2 (net)
                  0.04    0.00    0.56 ^ output2/A (sky130_fd_sc_hd__buf_4)
                  0.10    0.15    0.71 ^ output2/X (sky130_fd_sc_hd__buf_4)
     1    0.03                           q (net)
                  0.10    0.00    0.71 ^ q (out)
                                  0.71   data arrival time

                          0.00    0.00   clock clk (rise edge)
                          0.00    0.00   clock network delay (propagated)
                          0.25    0.25   clock uncertainty
                          0.00    0.25   clock reconvergence pessimism
                        -13.00  -12.75   output external delay
                                -12.75   data required time
-----------------------------------------------------------------------------
                                -12.75   data required time
                                 -0.71   data arrival time
-----------------------------------------------------------------------------
                                 13.46   slack (MET)


min_report_end
max_report

===========================================================================
report_checks -path_delay max (Setup)
============================================================================
Startpoint: _3_ (rising edge-triggered flip-flop clocked by clk)
Endpoint: q (output port clocked by clk)
Path Group: clk
Path Type: max

Fanout     Cap    Slew   Delay    Time   Description
-----------------------------------------------------------------------------
                          0.00    0.00   clock clk (rise edge)
                          0.00    0.00   clock source latency
                  0.06    0.05    0.05 ^ clk (in)
     1    0.01                           clk (net)
                  0.06    0.00    0.05 ^ clkbuf_0_clk/A (sky130_fd_sc_hd__clkbuf_16)
                  0.04    0.14    0.18 ^ clkbuf_0_clk/X (sky130_fd_sc_hd__clkbuf_16)
     2    0.02                           clknet_0_clk (net)
                  0.04    0.00    0.18 ^ clkbuf_1_0__f_clk/A (sky130_fd_sc_hd__clkbuf_16)
                  0.03    0.12    0.30 ^ clkbuf_1_0__f_clk/X (sky130_fd_sc_hd__clkbuf_16)
     2    0.01                           clknet_1_0__leaf_clk (net)
                  0.03    0.00    0.30 ^ _3_/CLK (sky130_fd_sc_hd__dfxtp_2)
                  0.03    0.32    0.62 v _3_/Q (sky130_fd_sc_hd__dfxtp_2)
     1    0.00                           net2 (net)
                  0.03    0.00    0.62 v output2/A (sky130_fd_sc_hd__buf_4)
                  0.06    0.17    0.79 v output2/X (sky130_fd_sc_hd__buf_4)
     1    0.03                           q (net)
                  0.06    0.00    0.79 v q (out)
                                  0.79   data arrival time

                         65.00   65.00   clock clk (rise edge)
                          0.00   65.00   clock network delay (propagated)
                         -0.25   64.75   clock uncertainty
                          0.00   64.75   clock reconvergence pessimism
                        -13.00   51.75   output external delay
                                 51.75   data required time
-----------------------------------------------------------------------------
                                 51.75   data required time
                                 -0.79   data arrival time
-----------------------------------------------------------------------------
                                 50.96   slack (MET)


Startpoint: d (input port clocked by clk)
Endpoint: _0_ (rising edge-triggered flip-flop clocked by clk)
Path Group: clk
Path Type: max

Fanout     Cap    Slew   Delay    Time   Description
-----------------------------------------------------------------------------
                          0.00    0.00   clock clk (rise edge)
                          0.00    0.00   clock network delay (propagated)
                         13.00   13.00 v input external delay
                  0.01    0.01   13.01 v d (in)
     1    0.00                           d (net)
                  0.01    0.00   13.01 v input1/A (sky130_fd_sc_hd__buf_1)
                  0.04    0.09   13.09 v input1/X (sky130_fd_sc_hd__buf_1)
     1    0.00                           net1 (net)
                  0.04    0.00   13.09 v _0_/D (sky130_fd_sc_hd__dfxtp_2)
                                 13.09   data arrival time

                         65.00   65.00   clock clk (rise edge)
                          0.00   65.00   clock source latency
                  0.06    0.04   65.04 ^ clk (in)
     1    0.01                           clk (net)
                  0.06    0.00   65.04 ^ clkbuf_0_clk/A (sky130_fd_sc_hd__clkbuf_16)
                  0.04    0.12   65.17 ^ clkbuf_0_clk/X (sky130_fd_sc_hd__clkbuf_16)
     2    0.02                           clknet_0_clk (net)
                  0.04    0.00   65.17 ^ clkbuf_1_1__f_clk/A (sky130_fd_sc_hd__clkbuf_16)
                  0.03    0.10   65.27 ^ clkbuf_1_1__f_clk/X (sky130_fd_sc_hd__clkbuf_16)
     2    0.01                           clknet_1_1__leaf_clk (net)
                  0.03    0.00   65.27 ^ _0_/CLK (sky130_fd_sc_hd__dfxtp_2)
                         -0.25   65.02   clock uncertainty
                          0.00   65.02   clock reconvergence pessimism
                         -0.11   64.91   library setup time
                                 64.91   data required time
-----------------------------------------------------------------------------
                                 64.91   data required time
                                -13.09   data arrival time
-----------------------------------------------------------------------------
                                 51.81   slack (MET)


Startpoint: _1_ (rising edge-triggered flip-flop clocked by clk)
Endpoint: _2_ (rising edge-triggered flip-flop clocked by clk)
Path Group: clk
Path Type: max

Fanout     Cap    Slew   Delay    Time   Description
-----------------------------------------------------------------------------
                          0.00    0.00   clock clk (rise edge)
                          0.00    0.00   clock source latency
                  0.06    0.05    0.05 ^ clk (in)
     1    0.01                           clk (net)
                  0.06    0.00    0.05 ^ clkbuf_0_clk/A (sky130_fd_sc_hd__clkbuf_16)
                  0.04    0.14    0.18 ^ clkbuf_0_clk/X (sky130_fd_sc_hd__clkbuf_16)
     2    0.02                           clknet_0_clk (net)
                  0.04    0.00    0.18 ^ clkbuf_1_1__f_clk/A (sky130_fd_sc_hd__clkbuf_16)
                  0.03    0.12    0.30 ^ clkbuf_1_1__f_clk/X (sky130_fd_sc_hd__clkbuf_16)
     2    0.01                           clknet_1_1__leaf_clk (net)
                  0.03    0.00    0.30 ^ _1_/CLK (sky130_fd_sc_hd__dfxtp_2)
                  0.03    0.31    0.61 v _1_/Q (sky130_fd_sc_hd__dfxtp_2)
     1    0.00                           b.q (net)
                  0.03    0.00    0.61 v _2_/D (sky130_fd_sc_hd__dfxtp_2)
                                  0.61   data arrival time

                         65.00   65.00   clock clk (rise edge)
                          0.00   65.00   clock source latency
                  0.06    0.04   65.04 ^ clk (in)
     1    0.01                           clk (net)
                  0.06    0.00   65.04 ^ clkbuf_0_clk/A (sky130_fd_sc_hd__clkbuf_16)
                  0.04    0.12   65.17 ^ clkbuf_0_clk/X (sky130_fd_sc_hd__clkbuf_16)
     2    0.02                           clknet_0_clk (net)
                  0.04    0.00   65.17 ^ clkbuf_1_0__f_clk/A (sky130_fd_sc_hd__clkbuf_16)
                  0.03    0.11   65.27 ^ clkbuf_1_0__f_clk/X (sky130_fd_sc_hd__clkbuf_16)
     2    0.01                           clknet_1_0__leaf_clk (net)
                  0.03    0.00   65.27 ^ _2_/CLK (sky130_fd_sc_hd__dfxtp_2)
                         -0.25   65.02   clock uncertainty
                          0.02   65.04   clock reconvergence pessimism
                         -0.11   64.93   library setup time
                                 64.93   data required time
-----------------------------------------------------------------------------
                                 64.93   data required time
                                 -0.61   data arrival time
-----------------------------------------------------------------------------
                                 64.32   slack (MET)


Startpoint: _0_ (rising edge-triggered flip-flop clocked by clk)
Endpoint: _1_ (rising edge-triggered flip-flop clocked by clk)
Path Group: clk
Path Type: max

Fanout     Cap    Slew   Delay    Time   Description
-----------------------------------------------------------------------------
                          0.00    0.00   clock clk (rise edge)
                          0.00    0.00   clock source latency
                  0.06    0.05    0.05 ^ clk (in)
     1    0.01                           clk (net)
                  0.06    0.00    0.05 ^ clkbuf_0_clk/A (sky130_fd_sc_hd__clkbuf_16)
                  0.04    0.14    0.18 ^ clkbuf_0_clk/X (sky130_fd_sc_hd__clkbuf_16)
     2    0.02                           clknet_0_clk (net)
                  0.04    0.00    0.18 ^ clkbuf_1_1__f_clk/A (sky130_fd_sc_hd__clkbuf_16)
                  0.03    0.12    0.30 ^ clkbuf_1_1__f_clk/X (sky130_fd_sc_hd__clkbuf_16)
     2    0.01                           clknet_1_1__leaf_clk (net)
                  0.03    0.00    0.30 ^ _0_/CLK (sky130_fd_sc_hd__dfxtp_2)
                  0.02    0.31    0.61 v _0_/Q (sky130_fd_sc_hd__dfxtp_2)
     1    0.00                           a.q (net)
                  0.02    0.00    0.61 v _1_/D (sky130_fd_sc_hd__dfxtp_2)
                                  0.61   data arrival time

                         65.00   65.00   clock clk (rise edge)
                          0.00   65.00   clock source latency
                  0.06    0.04   65.04 ^ clk (in)
     1    0.01                           clk (net)
                  0.06    0.00   65.04 ^ clkbuf_0_clk/A (sky130_fd_sc_hd__clkbuf_16)
                  0.04    0.12   65.17 ^ clkbuf_0_clk/X (sky130_fd_sc_hd__clkbuf_16)
     2    0.02                           clknet_0_clk (net)
                  0.04    0.00   65.17 ^ clkbuf_1_1__f_clk/A (sky130_fd_sc_hd__clkbuf_16)
                  0.03    0.10   65.27 ^ clkbuf_1_1__f_clk/X (sky130_fd_sc_hd__clkbuf_16)
     2    0.01                           clknet_1_1__leaf_clk (net)
                  0.03    0.00   65.27 ^ _1_/CLK (sky130_fd_sc_hd__dfxtp_2)
                         -0.25   65.02   clock uncertainty
                          0.03   65.05   clock reconvergence pessimism
                         -0.11   64.94   library setup time
                                 64.94   data required time
-----------------------------------------------------------------------------
                                 64.94   data required time
                                 -0.61   data arrival time
-----------------------------------------------------------------------------
                                 64.33   slack (MET)


Startpoint: _2_ (rising edge-triggered flip-flop clocked by clk)
Endpoint: _3_ (rising edge-triggered flip-flop clocked by clk)
Path Group: clk
Path Type: max

Fanout     Cap    Slew   Delay    Time   Description
-----------------------------------------------------------------------------
                          0.00    0.00   clock clk (rise edge)
                          0.00    0.00   clock source latency
                  0.06    0.05    0.05 ^ clk (in)
     1    0.01                           clk (net)
                  0.06    0.00    0.05 ^ clkbuf_0_clk/A (sky130_fd_sc_hd__clkbuf_16)
                  0.04    0.14    0.18 ^ clkbuf_0_clk/X (sky130_fd_sc_hd__clkbuf_16)
     2    0.02                           clknet_0_clk (net)
                  0.04    0.00    0.18 ^ clkbuf_1_0__f_clk/A (sky130_fd_sc_hd__clkbuf_16)
                  0.03    0.12    0.30 ^ clkbuf_1_0__f_clk/X (sky130_fd_sc_hd__clkbuf_16)
     2    0.01                           clknet_1_0__leaf_clk (net)
                  0.03    0.00    0.30 ^ _2_/CLK (sky130_fd_sc_hd__dfxtp_2)
                  0.02    0.31    0.61 v _2_/Q (sky130_fd_sc_hd__dfxtp_2)
     1    0.00                           c.q (net)
                  0.02    0.00    0.61 v _3_/D (sky130_fd_sc_hd__dfxtp_2)
                                  0.61   data arrival time

                         65.00   65.00   clock clk (rise edge)
                          0.00   65.00   clock source latency
                  0.06    0.04   65.04 ^ clk (in)
     1    0.01                           clk (net)
                  0.06    0.00   65.04 ^ clkbuf_0_clk/A (sky130_fd_sc_hd__clkbuf_16)
                  0.04    0.12   65.17 ^ clkbuf_0_clk/X (sky130_fd_sc_hd__clkbuf_16)
     2    0.02                           clknet_0_clk (net)
                  0.04    0.00   65.17 ^ clkbuf_1_0__f_clk/A (sky130_fd_sc_hd__clkbuf_16)
                  0.03    0.11   65.27 ^ clkbuf_1_0__f_clk/X (sky130_fd_sc_hd__clkbuf_16)
     2    0.01                           clknet_1_0__leaf_clk (net)
                  0.03    0.00   65.27 ^ _3_/CLK (sky130_fd_sc_hd__dfxtp_2)
                         -0.25   65.02   clock uncertainty
                          0.03   65.05   clock reconvergence pessimism
                         -0.11   64.94   library setup time
                                 64.94   data required time
-----------------------------------------------------------------------------
                                 64.94   data required time
                                 -0.61   data arrival time
-----------------------------------------------------------------------------
                                 64.33   slack (MET)


max_report_end
check_report

===========================================================================
report_checks -unconstrained
============================================================================
Startpoint: _3_ (rising edge-triggered flip-flop clocked by clk)
Endpoint: q (output port clocked by clk)
Path Group: clk
Path Type: max

Fanout     Cap    Slew   Delay    Time   Description
-----------------------------------------------------------------------------
                          0.00    0.00   clock clk (rise edge)
                          0.00    0.00   clock source latency
                  0.06    0.05    0.05 ^ clk (in)
     1    0.01                           clk (net)
                  0.06    0.00    0.05 ^ clkbuf_0_clk/A (sky130_fd_sc_hd__clkbuf_16)
                  0.04    0.14    0.18 ^ clkbuf_0_clk/X (sky130_fd_sc_hd__clkbuf_16)
     2    0.02                           clknet_0_clk (net)
                  0.04    0.00    0.18 ^ clkbuf_1_0__f_clk/A (sky130_fd_sc_hd__clkbuf_16)
                  0.03    0.12    0.30 ^ clkbuf_1_0__f_clk/X (sky130_fd_sc_hd__clkbuf_16)
     2    0.01                           clknet_1_0__leaf_clk (net)
                  0.03    0.00    0.30 ^ _3_/CLK (sky130_fd_sc_hd__dfxtp_2)
                  0.03    0.32    0.62 v _3_/Q (sky130_fd_sc_hd__dfxtp_2)
     1    0.00                           net2 (net)
                  0.03    0.00    0.62 v output2/A (sky130_fd_sc_hd__buf_4)
                  0.06    0.17    0.79 v output2/X (sky130_fd_sc_hd__buf_4)
     1    0.03                           q (net)
                  0.06    0.00    0.79 v q (out)
                                  0.79   data arrival time

                         65.00   65.00   clock clk (rise edge)
                          0.00   65.00   clock network delay (propagated)
                         -0.25   64.75   clock uncertainty
                          0.00   64.75   clock reconvergence pessimism
                        -13.00   51.75   output external delay
                                 51.75   data required time
-----------------------------------------------------------------------------
                                 51.75   data required time
                                 -0.79   data arrival time
-----------------------------------------------------------------------------
                                 50.96   slack (MET)



===========================================================================
report_checks --slack_max -0.01
============================================================================
No paths found.
check_report_end
check_slew

===========================================================================
 report_check_types -max_slew -max_cap -max_fanout -violators
============================================================================

===========================================================================
max slew violation count 0
max fanout violation count 0
max cap violation count 0
============================================================================
check_slew_end
tns_report

===========================================================================
 report_tns
============================================================================
tns 0.00
tns_report_end
wns_report

===========================================================================
 report_wns
============================================================================
wns 0.00
wns_report_end
worst_slack

===========================================================================
 report_worst_slack -max (Setup)
============================================================================
worst slack 50.96

===========================================================================
 report_worst_slack -min (Hold)
============================================================================
worst slack 0.06
worst_slack_end
clock_skew

===========================================================================
 report_clock_skew
============================================================================
Clock clk
Latency      CRPR       Skew
_1_/CLK ^
   0.30
_2_/CLK ^
   0.27     -0.02       0.01

clock_skew_end
power_report

===========================================================================
 report_power
============================================================================
Group                  Internal  Switching    Leakage      Total
                          Power      Power      Power      Power (Watts)
----------------------------------------------------------------
Sequential             2.63e-06   3.99e-08   3.38e-11   2.67e-06  22.0%
Combinational          7.86e-06   1.63e-06   1.40e-10   9.50e-06  78.0%
Macro                  0.00e+00   0.00e+00   0.00e+00   0.00e+00   0.0%
Pad                    0.00e+00   0.00e+00   0.00e+00   0.00e+00   0.0%
----------------------------------------------------------------
Total                  1.05e-05   1.67e-06   1.74e-10   1.22e-05 100.0%
                          86.2%      13.8%       0.0%
power_report_end
area_report

===========================================================================
 report_design_area
============================================================================
Design area 203 u^2 12% utilization.
area_report_end
