OpenROAD 4174c3ad802d2ac1d04d387d2c4b883903f6647e 
This program is licensed under the BSD-3 license. See the LICENSE file for details.
Components of this program may be licensed under more restrictive licenses which must be honored.
[WARNING STA-0163] /openlane/designs/iiitb_siso/src/sky130_fd_sc_hd__typical.lib line 23, default_fanout_load is 0.0.
[INFO ODB-0222] Reading LEF file: /openlane/designs/iiitb_siso/runs/RUN_2022.09.20_09.07.06/tmp/merged.nom.lef
[WARNING ODB-0220] WARNING (LEFPARS-2036): SOURCE statement is obsolete in version 5.6 and later.
The LEF parser will ignore this statement.
To avoid this warning in the future, remove this statement from the LEF file with version 5.6 or later. See file /openlane/designs/iiitb_siso/runs/RUN_2022.09.20_09.07.06/tmp/merged.nom.lef at line 930.

[INFO ODB-0223]     Created 13 technology layers
[INFO ODB-0224]     Created 25 technology vias
[INFO ODB-0225]     Created 442 library cells
[INFO ODB-0226] Finished LEF file:  /openlane/designs/iiitb_siso/runs/RUN_2022.09.20_09.07.06/tmp/merged.nom.lef
[INFO]: Setting output delay to: 13.0
[INFO]: Setting input delay to: 13.0
[INFO]: Setting load to: 0.033442
[INFO]: Setting clock uncertainty to: 0.25
[INFO]: Setting clock transition to: 0.15
[INFO]: Setting timing derate to: 0.5 %
min_report

===========================================================================
report_checks -path_delay min (Hold)
============================================================================
Startpoint: _0_ (rising edge-triggered flip-flop clocked by clk)
Endpoint: _1_ (rising edge-triggered flip-flop clocked by clk)
Path Group: clk
Path Type: min

Fanout     Cap    Slew   Delay    Time   Description
-----------------------------------------------------------------------------
                  0.15    0.00    0.00   clock clk (rise edge)
                          0.00    0.00   clock network delay (ideal)
                  0.15    0.00    0.00 ^ _0_/CLK (sky130_fd_sc_hd__dfxtp_2)
                  0.02    0.32    0.32 v _0_/Q (sky130_fd_sc_hd__dfxtp_2)
     1    0.00                           a.q (net)
                  0.02    0.00    0.32 v _1_/D (sky130_fd_sc_hd__dfxtp_2)
                                  0.32   data arrival time

                  0.15    0.00    0.00   clock clk (rise edge)
                          0.00    0.00   clock network delay (ideal)
                          0.25    0.25   clock uncertainty
                          0.00    0.25   clock reconvergence pessimism
                                  0.25 ^ _1_/CLK (sky130_fd_sc_hd__dfxtp_2)
                         -0.01    0.24   library hold time
                                  0.24   data required time
-----------------------------------------------------------------------------
                                  0.24   data required time
                                 -0.32   data arrival time
-----------------------------------------------------------------------------
                                  0.08   slack (MET)


Startpoint: _1_ (rising edge-triggered flip-flop clocked by clk)
Endpoint: _2_ (rising edge-triggered flip-flop clocked by clk)
Path Group: clk
Path Type: min

Fanout     Cap    Slew   Delay    Time   Description
-----------------------------------------------------------------------------
                  0.15    0.00    0.00   clock clk (rise edge)
                          0.00    0.00   clock network delay (ideal)
                  0.15    0.00    0.00 ^ _1_/CLK (sky130_fd_sc_hd__dfxtp_2)
                  0.02    0.32    0.32 v _1_/Q (sky130_fd_sc_hd__dfxtp_2)
     1    0.00                           b.q (net)
                  0.02    0.00    0.32 v _2_/D (sky130_fd_sc_hd__dfxtp_2)
                                  0.32   data arrival time

                  0.15    0.00    0.00   clock clk (rise edge)
                          0.00    0.00   clock network delay (ideal)
                          0.25    0.25   clock uncertainty
                          0.00    0.25   clock reconvergence pessimism
                                  0.25 ^ _2_/CLK (sky130_fd_sc_hd__dfxtp_2)
                         -0.01    0.24   library hold time
                                  0.24   data required time
-----------------------------------------------------------------------------
                                  0.24   data required time
                                 -0.32   data arrival time
-----------------------------------------------------------------------------
                                  0.08   slack (MET)


Startpoint: _2_ (rising edge-triggered flip-flop clocked by clk)
Endpoint: _3_ (rising edge-triggered flip-flop clocked by clk)
Path Group: clk
Path Type: min

Fanout     Cap    Slew   Delay    Time   Description
-----------------------------------------------------------------------------
                  0.15    0.00    0.00   clock clk (rise edge)
                          0.00    0.00   clock network delay (ideal)
                  0.15    0.00    0.00 ^ _2_/CLK (sky130_fd_sc_hd__dfxtp_2)
                  0.02    0.32    0.32 v _2_/Q (sky130_fd_sc_hd__dfxtp_2)
     1    0.00                           c.q (net)
                  0.02    0.00    0.32 v _3_/D (sky130_fd_sc_hd__dfxtp_2)
                                  0.32   data arrival time

                  0.15    0.00    0.00   clock clk (rise edge)
                          0.00    0.00   clock network delay (ideal)
                          0.25    0.25   clock uncertainty
                          0.00    0.25   clock reconvergence pessimism
                                  0.25 ^ _3_/CLK (sky130_fd_sc_hd__dfxtp_2)
                         -0.01    0.24   library hold time
                                  0.24   data required time
-----------------------------------------------------------------------------
                                  0.24   data required time
                                 -0.32   data arrival time
-----------------------------------------------------------------------------
                                  0.08   slack (MET)


Startpoint: d (input port clocked by clk)
Endpoint: _0_ (rising edge-triggered flip-flop clocked by clk)
Path Group: clk
Path Type: min

Fanout     Cap    Slew   Delay    Time   Description
-----------------------------------------------------------------------------
                  0.15    0.00    0.00   clock clk (rise edge)
                          0.00    0.00   clock network delay (ideal)
                         13.00   13.00 v input external delay
                  0.01    0.00   13.00 v d (in)
     1    0.00                           d (net)
                  0.01    0.00   13.00 v _0_/D (sky130_fd_sc_hd__dfxtp_2)
                                 13.00   data arrival time

                  0.15    0.00    0.00   clock clk (rise edge)
                          0.00    0.00   clock network delay (ideal)
                          0.25    0.25   clock uncertainty
                          0.00    0.25   clock reconvergence pessimism
                                  0.25 ^ _0_/CLK (sky130_fd_sc_hd__dfxtp_2)
                         -0.01    0.24   library hold time
                                  0.24   data required time
-----------------------------------------------------------------------------
                                  0.24   data required time
                                -13.00   data arrival time
-----------------------------------------------------------------------------
                                 12.76   slack (MET)


Startpoint: _3_ (rising edge-triggered flip-flop clocked by clk)
Endpoint: q (output port clocked by clk)
Path Group: clk
Path Type: min

Fanout     Cap    Slew   Delay    Time   Description
-----------------------------------------------------------------------------
                  0.15    0.00    0.00   clock clk (rise edge)
                          0.00    0.00   clock network delay (ideal)
                  0.15    0.00    0.00 ^ _3_/CLK (sky130_fd_sc_hd__dfxtp_2)
                  0.09    0.38    0.38 v _3_/Q (sky130_fd_sc_hd__dfxtp_2)
     1    0.03                           q (net)
                  0.09    0.00    0.38 v q (out)
                                  0.38   data arrival time

                  0.15    0.00    0.00   clock clk (rise edge)
                          0.00    0.00   clock network delay (ideal)
                          0.25    0.25   clock uncertainty
                          0.00    0.25   clock reconvergence pessimism
                        -13.00  -12.75   output external delay
                                -12.75   data required time
-----------------------------------------------------------------------------
                                -12.75   data required time
                                 -0.38   data arrival time
-----------------------------------------------------------------------------
                                 13.13   slack (MET)


min_report_end
max_report

===========================================================================
report_checks -path_delay max (Setup)
============================================================================
Startpoint: _3_ (rising edge-triggered flip-flop clocked by clk)
Endpoint: q (output port clocked by clk)
Path Group: clk
Path Type: max

Fanout     Cap    Slew   Delay    Time   Description
-----------------------------------------------------------------------------
                  0.15    0.00    0.00   clock clk (rise edge)
                          0.00    0.00   clock network delay (ideal)
                  0.15    0.00    0.00 ^ _3_/CLK (sky130_fd_sc_hd__dfxtp_2)
                  0.18    0.47    0.47 ^ _3_/Q (sky130_fd_sc_hd__dfxtp_2)
     1    0.03                           q (net)
                  0.18    0.00    0.47 ^ q (out)
                                  0.47   data arrival time

                  0.15   65.00   65.00   clock clk (rise edge)
                          0.00   65.00   clock network delay (ideal)
                         -0.25   64.75   clock uncertainty
                          0.00   64.75   clock reconvergence pessimism
                        -13.00   51.75   output external delay
                                 51.75   data required time
-----------------------------------------------------------------------------
                                 51.75   data required time
                                 -0.47   data arrival time
-----------------------------------------------------------------------------
                                 51.28   slack (MET)


Startpoint: d (input port clocked by clk)
Endpoint: _0_ (rising edge-triggered flip-flop clocked by clk)
Path Group: clk
Path Type: max

Fanout     Cap    Slew   Delay    Time   Description
-----------------------------------------------------------------------------
                  0.15    0.00    0.00   clock clk (rise edge)
                          0.00    0.00   clock network delay (ideal)
                         13.00   13.00 v input external delay
                  0.01    0.00   13.00 v d (in)
     1    0.00                           d (net)
                  0.01    0.00   13.00 v _0_/D (sky130_fd_sc_hd__dfxtp_2)
                                 13.00   data arrival time

                  0.15   65.00   65.00   clock clk (rise edge)
                          0.00   65.00   clock network delay (ideal)
                         -0.25   64.75   clock uncertainty
                          0.00   64.75   clock reconvergence pessimism
                                 64.75 ^ _0_/CLK (sky130_fd_sc_hd__dfxtp_2)
                         -0.07   64.68   library setup time
                                 64.68   data required time
-----------------------------------------------------------------------------
                                 64.68   data required time
                                -13.00   data arrival time
-----------------------------------------------------------------------------
                                 51.68   slack (MET)


Startpoint: _0_ (rising edge-triggered flip-flop clocked by clk)
Endpoint: _1_ (rising edge-triggered flip-flop clocked by clk)
Path Group: clk
Path Type: max

Fanout     Cap    Slew   Delay    Time   Description
-----------------------------------------------------------------------------
                  0.15    0.00    0.00   clock clk (rise edge)
                          0.00    0.00   clock network delay (ideal)
                  0.15    0.00    0.00 ^ _0_/CLK (sky130_fd_sc_hd__dfxtp_2)
                  0.02    0.35    0.35 v _0_/Q (sky130_fd_sc_hd__dfxtp_2)
     1    0.00                           a.q (net)
                  0.02    0.00    0.35 v _1_/D (sky130_fd_sc_hd__dfxtp_2)
                                  0.35   data arrival time

                  0.15   65.00   65.00   clock clk (rise edge)
                          0.00   65.00   clock network delay (ideal)
                         -0.25   64.75   clock uncertainty
                          0.00   64.75   clock reconvergence pessimism
                                 64.75 ^ _1_/CLK (sky130_fd_sc_hd__dfxtp_2)
                         -0.08   64.67   library setup time
                                 64.67   data required time
-----------------------------------------------------------------------------
                                 64.67   data required time
                                 -0.35   data arrival time
-----------------------------------------------------------------------------
                                 64.32   slack (MET)


Startpoint: _1_ (rising edge-triggered flip-flop clocked by clk)
Endpoint: _2_ (rising edge-triggered flip-flop clocked by clk)
Path Group: clk
Path Type: max

Fanout     Cap    Slew   Delay    Time   Description
-----------------------------------------------------------------------------
                  0.15    0.00    0.00   clock clk (rise edge)
                          0.00    0.00   clock network delay (ideal)
                  0.15    0.00    0.00 ^ _1_/CLK (sky130_fd_sc_hd__dfxtp_2)
                  0.02    0.35    0.35 v _1_/Q (sky130_fd_sc_hd__dfxtp_2)
     1    0.00                           b.q (net)
                  0.02    0.00    0.35 v _2_/D (sky130_fd_sc_hd__dfxtp_2)
                                  0.35   data arrival time

                  0.15   65.00   65.00   clock clk (rise edge)
                          0.00   65.00   clock network delay (ideal)
                         -0.25   64.75   clock uncertainty
                          0.00   64.75   clock reconvergence pessimism
                                 64.75 ^ _2_/CLK (sky130_fd_sc_hd__dfxtp_2)
                         -0.08   64.67   library setup time
                                 64.67   data required time
-----------------------------------------------------------------------------
                                 64.67   data required time
                                 -0.35   data arrival time
-----------------------------------------------------------------------------
                                 64.32   slack (MET)


Startpoint: _2_ (rising edge-triggered flip-flop clocked by clk)
Endpoint: _3_ (rising edge-triggered flip-flop clocked by clk)
Path Group: clk
Path Type: max

Fanout     Cap    Slew   Delay    Time   Description
-----------------------------------------------------------------------------
                  0.15    0.00    0.00   clock clk (rise edge)
                          0.00    0.00   clock network delay (ideal)
                  0.15    0.00    0.00 ^ _2_/CLK (sky130_fd_sc_hd__dfxtp_2)
                  0.02    0.35    0.35 v _2_/Q (sky130_fd_sc_hd__dfxtp_2)
     1    0.00                           c.q (net)
                  0.02    0.00    0.35 v _3_/D (sky130_fd_sc_hd__dfxtp_2)
                                  0.35   data arrival time

                  0.15   65.00   65.00   clock clk (rise edge)
                          0.00   65.00   clock network delay (ideal)
                         -0.25   64.75   clock uncertainty
                          0.00   64.75   clock reconvergence pessimism
                                 64.75 ^ _3_/CLK (sky130_fd_sc_hd__dfxtp_2)
                         -0.08   64.67   library setup time
                                 64.67   data required time
-----------------------------------------------------------------------------
                                 64.67   data required time
                                 -0.35   data arrival time
-----------------------------------------------------------------------------
                                 64.32   slack (MET)


max_report_end
check_report

===========================================================================
report_checks -unconstrained
============================================================================
Startpoint: _3_ (rising edge-triggered flip-flop clocked by clk)
Endpoint: q (output port clocked by clk)
Path Group: clk
Path Type: max

Fanout     Cap    Slew   Delay    Time   Description
-----------------------------------------------------------------------------
                  0.15    0.00    0.00   clock clk (rise edge)
                          0.00    0.00   clock network delay (ideal)
                  0.15    0.00    0.00 ^ _3_/CLK (sky130_fd_sc_hd__dfxtp_2)
                  0.18    0.47    0.47 ^ _3_/Q (sky130_fd_sc_hd__dfxtp_2)
     1    0.03                           q (net)
                  0.18    0.00    0.47 ^ q (out)
                                  0.47   data arrival time

                  0.15   65.00   65.00   clock clk (rise edge)
                          0.00   65.00   clock network delay (ideal)
                         -0.25   64.75   clock uncertainty
                          0.00   64.75   clock reconvergence pessimism
                        -13.00   51.75   output external delay
                                 51.75   data required time
-----------------------------------------------------------------------------
                                 51.75   data required time
                                 -0.47   data arrival time
-----------------------------------------------------------------------------
                                 51.28   slack (MET)



===========================================================================
report_checks --slack_max -0.01
============================================================================
No paths found.
check_report_end
check_slew

===========================================================================
 report_check_types -max_slew -max_cap -max_fanout -violators
============================================================================

===========================================================================
max slew violation count 0
max fanout violation count 0
max cap violation count 0
============================================================================
check_slew_end
tns_report

===========================================================================
 report_tns
============================================================================
tns 0.00
tns_report_end
wns_report

===========================================================================
 report_wns
============================================================================
wns 0.00
wns_report_end
worst_slack

===========================================================================
 report_worst_slack -max (Setup)
============================================================================
worst slack 51.28

===========================================================================
 report_worst_slack -min (Hold)
============================================================================
worst slack 0.08
worst_slack_end
clock_skew

===========================================================================
 report_clock_skew
============================================================================
Clock clk
Latency      CRPR       Skew
_0_/CLK ^
   0.03
_1_/CLK ^
   0.02      0.00       0.00

clock_skew_end
power_report

===========================================================================
 report_power
============================================================================
Group                  Internal  Switching    Leakage      Total
                          Power      Power      Power      Power (Watts)
----------------------------------------------------------------
Sequential             2.61e-06   9.59e-08   3.38e-11   2.71e-06 100.0%
Combinational          0.00e+00   0.00e+00   0.00e+00   0.00e+00   0.0%
Macro                  0.00e+00   0.00e+00   0.00e+00   0.00e+00   0.0%
Pad                    0.00e+00   0.00e+00   0.00e+00   0.00e+00   0.0%
----------------------------------------------------------------
Total                  2.61e-06   9.59e-08   3.38e-11   2.71e-06 100.0%
                          96.5%       3.5%       0.0%
power_report_end
area_report

===========================================================================
 report_design_area
============================================================================
Design area 85 u^2 100% utilization.
area_report_end
